2017-10-28T07:32:58.370069Z mysqld_safe Logging to '/opt/bitnami/mysql/data/740de1306609.err'.
2017-10-28T07:32:58.410055Z mysqld_safe Starting mysqld daemon with databases from /opt/bitnami/mysql/data
mysqld: [Warning] World-writable config file '/opt/bitnami/mysql/conf/my.cnf' is ignored.
2017-10-28T07:32:58.624888Z 0 [Warning] TIMESTAMP with implicit DEFAULT value is deprecated. Please use --explicit_defaults_for_timestamp server option (see documentation for more details).
2017-10-28T07:32:58.626287Z 0 [Note] --secure-file-priv is set to NULL. Operations related to importing and exporting data are disabled
2017-10-28T07:32:58.626375Z 0 [Note] /opt/bitnami/mysql/bin/mysqld (mysqld 5.7.20) starting as process 115 ...
2017-10-28T07:32:58.635308Z 0 [Warning] Setting lower_case_table_names=2 because file system for /opt/bitnami/mysql/data/ is case insensitive
2017-10-28T07:32:58.640911Z 0 [Note] InnoDB: PUNCH HOLE support available
2017-10-28T07:32:58.641233Z 0 [Note] InnoDB: Mutexes and rw_locks use GCC atomic builtins
2017-10-28T07:32:58.641686Z 0 [Note] InnoDB: Uses event mutexes
2017-10-28T07:32:58.642024Z 0 [Note] InnoDB: GCC builtin __sync_synchronize() is used for memory barrier
2017-10-28T07:32:58.642355Z 0 [Note] InnoDB: Compressed tables use zlib 1.2.3
2017-10-28T07:32:58.642639Z 0 [Note] InnoDB: Using Linux native AIO
2017-10-28T07:32:58.643492Z 0 [Note] InnoDB: Number of pools: 1
2017-10-28T07:32:58.643908Z 0 [Note] InnoDB: Using CPU crc32 instructions
2017-10-28T07:32:58.645817Z 0 [Note] InnoDB: Initializing buffer pool, total size = 128M, instances = 1, chunk size = 128M
2017-10-28T07:32:58.655731Z 0 [Note] InnoDB: Completed initialization of buffer pool
2017-10-28T07:32:58.658665Z 0 [Note] InnoDB: If the mysqld execution user is authorized, page cleaner thread priority can be changed. See the man page of setpriority().
2017-10-28T07:32:58.703619Z 0 [Note] InnoDB: Highest supported file format is Barracuda.
2017-10-28T07:32:58.839877Z 0 [Note] InnoDB: Creating shared tablespace for temporary tables
2017-10-28T07:32:58.841392Z 0 [Note] InnoDB: Setting file './ibtmp1' size to 12 MB. Physically writing the file full; Please wait ...
2017-10-28T07:32:58.946760Z 0 [Note] InnoDB: File './ibtmp1' size is now 12 MB.
2017-10-28T07:32:58.956491Z 0 [Note] InnoDB: 96 redo rollback segment(s) found. 96 redo rollback segment(s) are active.
2017-10-28T07:32:58.957229Z 0 [Note] InnoDB: 32 non-redo rollback segment(s) are active.
2017-10-28T07:32:58.959266Z 0 [Note] InnoDB: Waiting for purge to start
2017-10-28T07:32:59.010492Z 0 [Note] InnoDB: 5.7.20 started; log sequence number 2602473
2017-10-28T07:32:59.011553Z 0 [Note] Plugin 'FEDERATED' is disabled.
2017-10-28T07:32:59.012287Z 0 [Note] InnoDB: Loading buffer pool(s) from /bitnami/mysql/data/ib_buffer_pool
2017-10-28T07:32:59.035440Z 0 [Warning] World-writable config file './auto.cnf' is ignored.
2017-10-28T07:32:59.038331Z 0 [Warning] World-writable config file './auto.cnf' has been removed.

2017-10-28T07:32:59.040147Z 0 [Note] Salting uuid generator variables, current_pid: 115, server_start_time: 1509175978, bytes_sent: 0, 
2017-10-28T07:32:59.040576Z 0 [Note] Generated uuid: '38d8f832-bbb2-11e7-bfa3-0242ac120005', server_start_time: 32369623830901533, bytes_sent: 44880128
2017-10-28T07:32:59.041036Z 0 [Warning] No existing UUID has been found, so we assume that this is the first time that this server has been started. Generating a new UUID: 38d8f832-bbb2-11e7-bfa3-0242ac120005.
2017-10-28T07:32:59.080734Z 0 [Warning] Failed to set up SSL because of the following SSL library error: SSL context is not usable without certificate and private key
2017-10-28T07:32:59.083270Z 0 [Note] Server hostname (bind-address): '*'; port: 3306
2017-10-28T07:32:59.083895Z 0 [Note] IPv6 is available.
2017-10-28T07:32:59.084464Z 0 [Note]   - '::' resolves to '::';
2017-10-28T07:32:59.085183Z 0 [Note] Server socket created on IP: '::'.
2017-10-28T07:32:59.115863Z 0 [Note] InnoDB: Buffer pool(s) load completed at 171028  7:32:59
2017-10-28T07:32:59.529776Z 0 [Note] Event Scheduler: Loaded 0 events
2017-10-28T07:32:59.530497Z 0 [Note] /opt/bitnami/mysql/bin/mysqld: ready for connections.
Version: '5.7.20'  socket: '/tmp/mysql.sock'  port: 3306  MySQL Community Server (GPL)
2017-10-28T07:32:59.530831Z 0 [Note] Executing 'SELECT * FROM INFORMATION_SCHEMA.TABLES;' to get a list of tables using the deprecated partition engine. You may use the startup option '--disable-partition-engine-check' to skip this check. 
2017-10-28T07:32:59.531084Z 0 [Note] Beginning of list of non-natively partitioned tables
2017-10-28T07:33:00.136410Z 0 [Note] End of list of non-natively partitioned tables
